cscope 15 $HOME/Documents/Git_Repos/Ruff -q 0000000025 0000001626
	@cscope.files

1 /
	ghome
/
	gchris
/
	gDocum’ts
/
	gG™_R•os
/
	gRuff
/
	gbužd
/
	gCMakeFžes
/3.16.5/
	gCompž”IdCXX
/
	gCMakeCXXCompž”Id
.
	gýp


2 /
	ghome
/
	gchris
/
	gDocum’ts
/
	gG™_R•os
/
	gRuff
/
	gbužd
/
	gCMakeFžes
/3.17.0/
	gCompž”IdCXX
/
	gCMakeCXXCompž”Id
.
	gýp


3 /
	ghome
/
	gchris
/
	gDocum’ts
/
	gG™_R•os
/
	gRuff
/
	g‹¡
/
	geuËr
.
	gýp


4 /
	ghome
/
	gchris
/
	gDocum’ts
/
	gG™_R•os
/
	gRuff
/
	g‹¡
/
	gm©ch”
.
	gýp


5 /
	ghome
/
	gchris
/
	gDocum’ts
/
	gG™_R•os
/
	gRuff
/
	g‹¡
/
	gmaš
.
	gýp


6 /
	ghome
/
	gchris
/
	gDocum’ts
/
	gG™_R•os
/
	gRuff
/
	g‹¡
/
	g£¬ch
.
	gýp


7 /
	ghome
/
	gchris
/
	gDocum’ts
/
	gG™_R•os
/
	gRuff
/
	gšþude
/Ruff/
	gm©ch
.
	ghµ


8 /
	ghome
/
	gchris
/
	gDocum’ts
/
	gG™_R•os
/
	gRuff
/
	gšþude
/Ruff/
	g£¬ch
.
	ghµ


9 /
	ghome
/
	gchris
/
	gDocum’ts
/
	gG™_R•os
/
	gRuff
/
	gšþude
/Ruff/
	gpošt
.
	ghµ


10 /
	ghome
/
	gchris
/
	gDocum’ts
/
	gG™_R•os
/
	gRuff
/
	gšþude
/Ruff/
	geuËr
/euËr.
	ghµ


11 /
	ghome
/
	gchris
/
	gDocum’ts
/
	gG™_R•os
/
	gRuff
/
	g¤c
/
	gm©ch
.
	gýp


12 /
	ghome
/
	gchris
/
	gDocum’ts
/
	gG™_R•os
/
	gRuff
/
	g¤c
/Ruff-
	gcÚfig
.
	ghµ


13 /
	ghome
/
	gchris
/
	gDocum’ts
/
	gG™_R•os
/
	gRuff
/
	g¤c
/
	geuËr
/
	gq2
.
	gýp


14 /
	ghome
/
	gchris
/
	gDocum’ts
/
	gG™_R•os
/
	gRuff
/
	g¤c
/
	geuËr
/
	gq3
.
	gýp


15 /
	ghome
/
	gchris
/
	gDocum’ts
/
	gG™_R•os
/
	gRuff
/
	g¤c
/
	geuËr
/
	gq6
.
	gýp


16 /
	ghome
/
	gchris
/
	gDocum’ts
/
	gG™_R•os
/
	gRuff
/
	g¤c
/
	geuËr
/
	gq1
.
	gýp


17 /
	ghome
/
	gchris
/
	gDocum’ts
/
	gG™_R•os
/
	gRuff
/
	g¤c
/
	g£¬ch
.
	gýp


	@
1
.
0
1
13
cscope.files
